  Console.cpp
..\..\Source\Console.cpp(25): warning C4244: 'argument': conversion from 'float' to 'unsigned int', possible loss of data
..\..\Source\Console.cpp(49): warning C4309: 'argument': truncation of constant value
..\..\Source\Console.cpp(51): warning C4309: 'argument': truncation of constant value
..\..\Source\Console.cpp(53): warning C4309: 'argument': truncation of constant value
..\..\Source\Console.cpp(55): warning C4309: 'argument': truncation of constant value
..\..\Source\Console.cpp(68): warning C4244: 'argument': conversion from 'float' to 'int', possible loss of data
..\..\Source\Console.cpp(71): warning C4309: 'argument': truncation of constant value
..\..\Source\Console.cpp(72): warning C4309: 'argument': truncation of constant value
..\..\Source\Console.cpp(78): warning C4309: 'argument': truncation of constant value
..\..\Source\Console.cpp(79): warning C4309: 'argument': truncation of constant value
  RFuncs.hpp
  main.cpp
..\..\Source\main.cpp(47): warning C4244: 'initializing': conversion from 'int' to 'float', possible loss of data
..\..\Source\main.cpp(49): warning C4244: 'argument': conversion from 'double' to 'float', possible loss of data
..\..\Source\main.cpp(74): warning C4477: 'printf' : format string '%3i' requires an argument of type 'int', but variadic argument 1 has type '__int64'
  ..\..\Source\main.cpp(74): note: consider using '%lli' in the format string
  ..\..\Source\main.cpp(74): note: consider using '%I64i' in the format string
  ConsoleRaster.cpp
..\..\Source\ConsoleRaster.cpp(18): warning C4244: 'argument': conversion from 'float' to 'unsigned int', possible loss of data
  Generating code
  All 268 functions were compiled because no usable IPDB/IOBJ from previous compilation was found.
  Finished generating code
  VisualStudioProj.vcxproj -> Z:\Floofs_Inc\Console Utilities\VisualStudioProj\Release\VisualStudioProj.exe
  VisualStudioProj.vcxproj -> Z:\Floofs_Inc\Console Utilities\VisualStudioProj\Release\VisualStudioProj.pdb (Full PDB)
